2018-10-22 7:03:49 - PHP Notice:  Undefined index: WS_ST_2_PD_55 in /var/www/html/OMS/admin/model/catalog/product.php on line 402
2018-10-22 7:03:49 - PHP Notice:  Undefined index: RT_ST_2_PD_55 in /var/www/html/OMS/admin/model/catalog/product.php on line 403
2018-10-22 7:03:49 - PHP Notice:  Undefined index: sid in /var/www/html/OMS/admin/model/catalog/product.php on line 405
2018-10-22 7:03:49 - PHP Notice:  Undefined index: WS_ST_4_PD_55 in /var/www/html/OMS/admin/model/catalog/product.php on line 402
2018-10-22 7:03:49 - PHP Notice:  Undefined index: RT_ST_4_PD_55 in /var/www/html/OMS/admin/model/catalog/product.php on line 403
2018-10-22 7:03:49 - PHP Notice:  Undefined index: sid in /var/www/html/OMS/admin/model/catalog/product.php on line 405
2018-10-22 7:03:49 - PHP Notice:  Undefined index: store_id in /var/www/html/OMS/admin/model/setting/store.php on line 77
2018-10-22 7:03:49 - PHP Unknown:  Function mcrypt_module_open() is deprecated in /var/www/html/OMS/system/library/mcrypt.php on line 44
2018-10-22 7:03:49 - PHP Unknown:  Function mcrypt_generic_init() is deprecated in /var/www/html/OMS/system/library/mcrypt.php on line 46
2018-10-22 7:03:49 - PHP Unknown:  Function mdecrypt_generic() is deprecated in /var/www/html/OMS/system/library/mcrypt.php on line 47
2018-10-22 7:03:49 - PHP Warning:  mdecrypt_generic(): An empty string was passed in /var/www/html/OMS/system/library/mcrypt.php on line 47
2018-10-22 7:03:49 - PHP Unknown:  Function mcrypt_generic_deinit() is deprecated in /var/www/html/OMS/system/library/mcrypt.php on line 49
2018-10-22 7:03:49 - PHP Unknown:  Function mcrypt_module_close() is deprecated in /var/www/html/OMS/system/library/mcrypt.php on line 50
2018-10-22 7:03:49 - PHP Notice:  Undefined index: user_id in /var/www/html/OMS/admin/model/setting/store.php on line 78
2018-10-22 7:03:49 - PHP Unknown:  Function mcrypt_module_open() is deprecated in /var/www/html/OMS/system/library/mcrypt.php on line 44
2018-10-22 7:03:49 - PHP Unknown:  Function mcrypt_generic_init() is deprecated in /var/www/html/OMS/system/library/mcrypt.php on line 46
2018-10-22 7:03:49 - PHP Unknown:  Function mdecrypt_generic() is deprecated in /var/www/html/OMS/system/library/mcrypt.php on line 47
2018-10-22 7:03:49 - PHP Warning:  mdecrypt_generic(): An empty string was passed in /var/www/html/OMS/system/library/mcrypt.php on line 47
2018-10-22 7:03:49 - PHP Unknown:  Function mcrypt_generic_deinit() is deprecated in /var/www/html/OMS/system/library/mcrypt.php on line 49
2018-10-22 7:03:49 - PHP Unknown:  Function mcrypt_module_close() is deprecated in /var/www/html/OMS/system/library/mcrypt.php on line 50
2018-10-22 7:03:49 - PHP Notice:  Undefined index: api_group_id in /var/www/html/OMS/admin/model/setting/store.php on line 79
2018-10-22 7:03:49 - PHP Unknown:  Function mcrypt_module_open() is deprecated in /var/www/html/OMS/system/library/mcrypt.php on line 44
2018-10-22 7:03:49 - PHP Unknown:  Function mcrypt_generic_init() is deprecated in /var/www/html/OMS/system/library/mcrypt.php on line 46
2018-10-22 7:03:49 - PHP Unknown:  Function mdecrypt_generic() is deprecated in /var/www/html/OMS/system/library/mcrypt.php on line 47
2018-10-22 7:03:49 - PHP Warning:  mdecrypt_generic(): An empty string was passed in /var/www/html/OMS/system/library/mcrypt.php on line 47
2018-10-22 7:03:49 - PHP Unknown:  Function mcrypt_generic_deinit() is deprecated in /var/www/html/OMS/system/library/mcrypt.php on line 49
2018-10-22 7:03:49 - PHP Unknown:  Function mcrypt_module_close() is deprecated in /var/www/html/OMS/system/library/mcrypt.php on line 50
2018-10-22 7:03:49 - PHP Notice:  Undefined index: store_id in /var/www/html/OMS/admin/model/setting/store.php on line 83
2018-10-22 7:03:49 - PHP Unknown:  Function mcrypt_module_open() is deprecated in /var/www/html/OMS/system/library/mcrypt.php on line 44
2018-10-22 7:03:49 - PHP Unknown:  Function mcrypt_generic_init() is deprecated in /var/www/html/OMS/system/library/mcrypt.php on line 46
2018-10-22 7:03:49 - PHP Unknown:  Function mdecrypt_generic() is deprecated in /var/www/html/OMS/system/library/mcrypt.php on line 47
2018-10-22 7:03:49 - PHP Warning:  mdecrypt_generic(): An empty string was passed in /var/www/html/OMS/system/library/mcrypt.php on line 47
2018-10-22 7:03:49 - PHP Unknown:  Function mcrypt_generic_deinit() is deprecated in /var/www/html/OMS/system/library/mcrypt.php on line 49
2018-10-22 7:03:49 - PHP Unknown:  Function mcrypt_module_close() is deprecated in /var/www/html/OMS/system/library/mcrypt.php on line 50
2018-10-22 7:03:49 - PHP Notice:  Undefined index: user_id in /var/www/html/OMS/admin/model/setting/store.php on line 83
2018-10-22 7:03:49 - PHP Unknown:  Function mcrypt_module_open() is deprecated in /var/www/html/OMS/system/library/mcrypt.php on line 44
2018-10-22 7:03:49 - PHP Unknown:  Function mcrypt_generic_init() is deprecated in /var/www/html/OMS/system/library/mcrypt.php on line 46
2018-10-22 7:03:49 - PHP Unknown:  Function mdecrypt_generic() is deprecated in /var/www/html/OMS/system/library/mcrypt.php on line 47
2018-10-22 7:03:49 - PHP Warning:  mdecrypt_generic(): An empty string was passed in /var/www/html/OMS/system/library/mcrypt.php on line 47
2018-10-22 7:03:49 - PHP Unknown:  Function mcrypt_generic_deinit() is deprecated in /var/www/html/OMS/system/library/mcrypt.php on line 49
2018-10-22 7:03:49 - PHP Unknown:  Function mcrypt_module_close() is deprecated in /var/www/html/OMS/system/library/mcrypt.php on line 50
2018-10-22 7:03:49 - PHP Notice:  Undefined index: api_group_id in /var/www/html/OMS/admin/model/setting/store.php on line 83
2018-10-22 7:03:49 - PHP Unknown:  Function mcrypt_module_open() is deprecated in /var/www/html/OMS/system/library/mcrypt.php on line 44
2018-10-22 7:03:49 - PHP Unknown:  Function mcrypt_generic_init() is deprecated in /var/www/html/OMS/system/library/mcrypt.php on line 46
2018-10-22 7:03:49 - PHP Unknown:  Function mdecrypt_generic() is deprecated in /var/www/html/OMS/system/library/mcrypt.php on line 47
2018-10-22 7:03:49 - PHP Warning:  mdecrypt_generic(): An empty string was passed in /var/www/html/OMS/system/library/mcrypt.php on line 47
2018-10-22 7:03:49 - PHP Unknown:  Function mcrypt_generic_deinit() is deprecated in /var/www/html/OMS/system/library/mcrypt.php on line 49
2018-10-22 7:03:49 - PHP Unknown:  Function mcrypt_module_close() is deprecated in /var/www/html/OMS/system/library/mcrypt.php on line 50
2018-10-22 7:03:49 - PHP Notice:  Undefined variable: sql in /var/www/html/OMS/admin/model/setting/store.php on line 120
2018-10-22 7:03:49 - PHP Notice:  Undefined variable: store_data in /var/www/html/OMS/admin/model/setting/store.php on line 122
2018-10-22 7:03:49 - PHP Notice:  Use of undefined constant HTTP_CATALOG - assumed 'HTTP_CATALOG' in /var/www/html/OMS/admin/model/setting/store.php on line 127
2018-10-22 7:03:49 - PHP Notice:  Undefined variable: sql in /var/www/html/OMS/admin/model/setting/store.php on line 136
2018-10-22 7:03:49 - PHP Notice:  Undefined variable: new_image in /var/www/html/OMS/admin/model/tool/image.php on line 8
2018-10-22 7:03:49 - PHP Notice:  Undefined variable: new_image in /var/www/html/OMS/admin/model/tool/image.php on line 8
2018-10-22 7:03:49 - PHP Notice:  Undefined variable: new_image in /var/www/html/OMS/admin/model/tool/image.php on line 8
2018-10-22 7:03:49 - PHP Notice:  Undefined variable: new_image in /var/www/html/OMS/admin/model/tool/image.php on line 8
2018-10-22 7:03:49 - PHP Notice:  Undefined variable: new_image in /var/www/html/OMS/admin/model/tool/image.php on line 8
2018-10-22 7:03:49 - PHP Notice:  Undefined variable: new_image in /var/www/html/OMS/admin/model/tool/image.php on line 8
2018-10-22 7:03:49 - PHP Notice:  Undefined variable: new_image in /var/www/html/OMS/admin/model/tool/image.php on line 8
2018-10-22 7:03:49 - PHP Notice:  Undefined variable: new_image in /var/www/html/OMS/admin/model/tool/image.php on line 8
2018-10-22 7:03:49 - PHP Notice:  Undefined variable: new_image in /var/www/html/OMS/admin/model/tool/image.php on line 8
2018-10-22 7:03:49 - PHP Notice:  Undefined variable: new_image in /var/www/html/OMS/admin/model/tool/image.php on line 8
2018-10-22 7:03:49 - PHP Notice:  Undefined variable: new_image in /var/www/html/OMS/admin/model/tool/image.php on line 8
2018-10-22 7:03:49 - PHP Notice:  Undefined variable: new_image in /var/www/html/OMS/admin/model/tool/image.php on line 8
2018-10-22 7:03:49 - PHP Notice:  Undefined variable: new_image in /var/www/html/OMS/admin/model/tool/image.php on line 8
2018-10-22 7:03:49 - PHP Notice:  Undefined variable: new_image in /var/www/html/OMS/admin/model/tool/image.php on line 8
2018-10-22 7:03:49 - PHP Notice:  Undefined variable: new_image in /var/www/html/OMS/admin/model/tool/image.php on line 8
2018-10-22 7:03:49 - PHP Notice:  Undefined variable: new_image in /var/www/html/OMS/admin/model/tool/image.php on line 8
2018-10-22 7:03:49 - PHP Notice:  Undefined variable: new_image in /var/www/html/OMS/admin/model/tool/image.php on line 8
2018-10-22 7:03:49 - PHP Notice:  Undefined variable: new_image in /var/www/html/OMS/admin/model/tool/image.php on line 8
2018-10-22 7:03:49 - PHP Notice:  Undefined variable: new_image in /var/www/html/OMS/admin/model/tool/image.php on line 8
2018-10-22 7:03:49 - PHP Notice:  Undefined variable: new_image in /var/www/html/OMS/admin/model/tool/image.php on line 8
2018-10-22 7:03:49 - PHP Notice:  Use of undefined constant HTTP_CATALOG - assumed 'HTTP_CATALOG' in /var/www/html/OMS/admin/controller/common/header.php on line 134
2018-10-22 7:03:49 - PHP Notice:  Undefined variable: results in /var/www/html/OMS/admin/controller/common/header.php on line 141
2018-10-22 7:03:49 - PHP Warning:  Invalid argument supplied for foreach() in /var/www/html/OMS/admin/controller/common/header.php on line 141
2018-10-22 7:03:49 - PHP Notice:  Undefined variable: new_image in /var/www/html/OMS/admin/model/tool/image.php on line 8
2018-10-22 7:04:58 - PHP Notice:  Undefined variable: new_image in /var/www/html/OMS/admin/model/tool/image.php on line 8
2018-10-22 7:04:58 - PHP Notice:  Undefined variable: new_image in /var/www/html/OMS/admin/model/tool/image.php on line 8
2018-10-22 7:04:58 - PHP Notice:  Undefined index: store_id in /var/www/html/OMS/admin/model/setting/store.php on line 77
2018-10-22 7:04:58 - PHP Unknown:  Function mcrypt_module_open() is deprecated in /var/www/html/OMS/system/library/mcrypt.php on line 44
2018-10-22 7:04:58 - PHP Unknown:  Function mcrypt_generic_init() is deprecated in /var/www/html/OMS/system/library/mcrypt.php on line 46
2018-10-22 7:04:58 - PHP Unknown:  Function mdecrypt_generic() is deprecated in /var/www/html/OMS/system/library/mcrypt.php on line 47
2018-10-22 7:04:58 - PHP Warning:  mdecrypt_generic(): An empty string was passed in /var/www/html/OMS/system/library/mcrypt.php on line 47
2018-10-22 7:04:58 - PHP Unknown:  Function mcrypt_generic_deinit() is deprecated in /var/www/html/OMS/system/library/mcrypt.php on line 49
2018-10-22 7:04:58 - PHP Unknown:  Function mcrypt_module_close() is deprecated in /var/www/html/OMS/system/library/mcrypt.php on line 50
2018-10-22 7:04:58 - PHP Notice:  Undefined index: user_id in /var/www/html/OMS/admin/model/setting/store.php on line 78
2018-10-22 7:04:58 - PHP Unknown:  Function mcrypt_module_open() is deprecated in /var/www/html/OMS/system/library/mcrypt.php on line 44
2018-10-22 7:04:58 - PHP Unknown:  Function mcrypt_generic_init() is deprecated in /var/www/html/OMS/system/library/mcrypt.php on line 46
2018-10-22 7:04:58 - PHP Unknown:  Function mdecrypt_generic() is deprecated in /var/www/html/OMS/system/library/mcrypt.php on line 47
2018-10-22 7:04:58 - PHP Warning:  mdecrypt_generic(): An empty string was passed in /var/www/html/OMS/system/library/mcrypt.php on line 47
2018-10-22 7:04:58 - PHP Unknown:  Function mcrypt_generic_deinit() is deprecated in /var/www/html/OMS/system/library/mcrypt.php on line 49
2018-10-22 7:04:58 - PHP Unknown:  Function mcrypt_module_close() is deprecated in /var/www/html/OMS/system/library/mcrypt.php on line 50
2018-10-22 7:04:58 - PHP Notice:  Undefined index: api_group_id in /var/www/html/OMS/admin/model/setting/store.php on line 79
2018-10-22 7:04:58 - PHP Unknown:  Function mcrypt_module_open() is deprecated in /var/www/html/OMS/system/library/mcrypt.php on line 44
2018-10-22 7:04:58 - PHP Unknown:  Function mcrypt_generic_init() is deprecated in /var/www/html/OMS/system/library/mcrypt.php on line 46
2018-10-22 7:04:58 - PHP Unknown:  Function mdecrypt_generic() is deprecated in /var/www/html/OMS/system/library/mcrypt.php on line 47
2018-10-22 7:04:58 - PHP Warning:  mdecrypt_generic(): An empty string was passed in /var/www/html/OMS/system/library/mcrypt.php on line 47
2018-10-22 7:04:58 - PHP Unknown:  Function mcrypt_generic_deinit() is deprecated in /var/www/html/OMS/system/library/mcrypt.php on line 49
2018-10-22 7:04:58 - PHP Unknown:  Function mcrypt_module_close() is deprecated in /var/www/html/OMS/system/library/mcrypt.php on line 50
2018-10-22 7:04:58 - PHP Notice:  Undefined index: store_id in /var/www/html/OMS/admin/model/setting/store.php on line 83
2018-10-22 7:04:58 - PHP Unknown:  Function mcrypt_module_open() is deprecated in /var/www/html/OMS/system/library/mcrypt.php on line 44
2018-10-22 7:04:58 - PHP Unknown:  Function mcrypt_generic_init() is deprecated in /var/www/html/OMS/system/library/mcrypt.php on line 46
2018-10-22 7:04:58 - PHP Unknown:  Function mdecrypt_generic() is deprecated in /var/www/html/OMS/system/library/mcrypt.php on line 47
2018-10-22 7:04:58 - PHP Warning:  mdecrypt_generic(): An empty string was passed in /var/www/html/OMS/system/library/mcrypt.php on line 47
2018-10-22 7:04:58 - PHP Unknown:  Function mcrypt_generic_deinit() is deprecated in /var/www/html/OMS/system/library/mcrypt.php on line 49
2018-10-22 7:04:58 - PHP Unknown:  Function mcrypt_module_close() is deprecated in /var/www/html/OMS/system/library/mcrypt.php on line 50
2018-10-22 7:04:58 - PHP Notice:  Undefined index: user_id in /var/www/html/OMS/admin/model/setting/store.php on line 83
2018-10-22 7:04:58 - PHP Unknown:  Function mcrypt_module_open() is deprecated in /var/www/html/OMS/system/library/mcrypt.php on line 44
2018-10-22 7:04:58 - PHP Unknown:  Function mcrypt_generic_init() is deprecated in /var/www/html/OMS/system/library/mcrypt.php on line 46
2018-10-22 7:04:58 - PHP Unknown:  Function mdecrypt_generic() is deprecated in /var/www/html/OMS/system/library/mcrypt.php on line 47
2018-10-22 7:04:58 - PHP Warning:  mdecrypt_generic(): An empty string was passed in /var/www/html/OMS/system/library/mcrypt.php on line 47
2018-10-22 7:04:58 - PHP Unknown:  Function mcrypt_generic_deinit() is deprecated in /var/www/html/OMS/system/library/mcrypt.php on line 49
2018-10-22 7:04:58 - PHP Unknown:  Function mcrypt_module_close() is deprecated in /var/www/html/OMS/system/library/mcrypt.php on line 50
2018-10-22 7:04:58 - PHP Notice:  Undefined index: api_group_id in /var/www/html/OMS/admin/model/setting/store.php on line 83
2018-10-22 7:04:58 - PHP Unknown:  Function mcrypt_module_open() is deprecated in /var/www/html/OMS/system/library/mcrypt.php on line 44
2018-10-22 7:04:58 - PHP Unknown:  Function mcrypt_generic_init() is deprecated in /var/www/html/OMS/system/library/mcrypt.php on line 46
2018-10-22 7:04:58 - PHP Unknown:  Function mdecrypt_generic() is deprecated in /var/www/html/OMS/system/library/mcrypt.php on line 47
2018-10-22 7:04:58 - PHP Warning:  mdecrypt_generic(): An empty string was passed in /var/www/html/OMS/system/library/mcrypt.php on line 47
2018-10-22 7:04:58 - PHP Unknown:  Function mcrypt_generic_deinit() is deprecated in /var/www/html/OMS/system/library/mcrypt.php on line 49
2018-10-22 7:04:58 - PHP Unknown:  Function mcrypt_module_close() is deprecated in /var/www/html/OMS/system/library/mcrypt.php on line 50
2018-10-22 7:04:58 - PHP Notice:  Undefined variable: sql in /var/www/html/OMS/admin/model/setting/store.php on line 120
2018-10-22 7:04:58 - PHP Notice:  Undefined variable: store_data in /var/www/html/OMS/admin/model/setting/store.php on line 122
2018-10-22 7:04:58 - PHP Notice:  Use of undefined constant HTTP_CATALOG - assumed 'HTTP_CATALOG' in /var/www/html/OMS/admin/model/setting/store.php on line 127
2018-10-22 7:04:58 - PHP Notice:  Undefined variable: sql in /var/www/html/OMS/admin/model/setting/store.php on line 136
2018-10-22 7:04:58 - PHP Notice:  Use of undefined constant HTTP_CATALOG - assumed 'HTTP_CATALOG' in /var/www/html/OMS/admin/controller/common/header.php on line 134
2018-10-22 7:04:58 - PHP Notice:  Undefined variable: results in /var/www/html/OMS/admin/controller/common/header.php on line 141
2018-10-22 7:04:58 - PHP Warning:  Invalid argument supplied for foreach() in /var/www/html/OMS/admin/controller/common/header.php on line 141
2018-10-22 7:04:58 - PHP Notice:  Undefined variable: new_image in /var/www/html/OMS/admin/model/tool/image.php on line 8
2018-10-22 7:05:16 - PHP Notice:  Undefined index: store_id in /var/www/html/OMS/admin/model/setting/store.php on line 77
2018-10-22 7:05:16 - PHP Unknown:  Function mcrypt_module_open() is deprecated in /var/www/html/OMS/system/library/mcrypt.php on line 44
2018-10-22 7:05:16 - PHP Unknown:  Function mcrypt_generic_init() is deprecated in /var/www/html/OMS/system/library/mcrypt.php on line 46
2018-10-22 7:05:16 - PHP Unknown:  Function mdecrypt_generic() is deprecated in /var/www/html/OMS/system/library/mcrypt.php on line 47
2018-10-22 7:05:16 - PHP Warning:  mdecrypt_generic(): An empty string was passed in /var/www/html/OMS/system/library/mcrypt.php on line 47
2018-10-22 7:05:16 - PHP Unknown:  Function mcrypt_generic_deinit() is deprecated in /var/www/html/OMS/system/library/mcrypt.php on line 49
2018-10-22 7:05:16 - PHP Unknown:  Function mcrypt_module_close() is deprecated in /var/www/html/OMS/system/library/mcrypt.php on line 50
2018-10-22 7:05:16 - PHP Notice:  Undefined index: user_id in /var/www/html/OMS/admin/model/setting/store.php on line 78
2018-10-22 7:05:16 - PHP Unknown:  Function mcrypt_module_open() is deprecated in /var/www/html/OMS/system/library/mcrypt.php on line 44
2018-10-22 7:05:16 - PHP Unknown:  Function mcrypt_generic_init() is deprecated in /var/www/html/OMS/system/library/mcrypt.php on line 46
2018-10-22 7:05:16 - PHP Unknown:  Function mdecrypt_generic() is deprecated in /var/www/html/OMS/system/library/mcrypt.php on line 47
2018-10-22 7:05:16 - PHP Warning:  mdecrypt_generic(): An empty string was passed in /var/www/html/OMS/system/library/mcrypt.php on line 47
2018-10-22 7:05:16 - PHP Unknown:  Function mcrypt_generic_deinit() is deprecated in /var/www/html/OMS/system/library/mcrypt.php on line 49
2018-10-22 7:05:16 - PHP Unknown:  Function mcrypt_module_close() is deprecated in /var/www/html/OMS/system/library/mcrypt.php on line 50
2018-10-22 7:05:16 - PHP Notice:  Undefined index: api_group_id in /var/www/html/OMS/admin/model/setting/store.php on line 79
2018-10-22 7:05:16 - PHP Unknown:  Function mcrypt_module_open() is deprecated in /var/www/html/OMS/system/library/mcrypt.php on line 44
2018-10-22 7:05:16 - PHP Unknown:  Function mcrypt_generic_init() is deprecated in /var/www/html/OMS/system/library/mcrypt.php on line 46
2018-10-22 7:05:16 - PHP Unknown:  Function mdecrypt_generic() is deprecated in /var/www/html/OMS/system/library/mcrypt.php on line 47
2018-10-22 7:05:16 - PHP Warning:  mdecrypt_generic(): An empty string was passed in /var/www/html/OMS/system/library/mcrypt.php on line 47
2018-10-22 7:05:16 - PHP Unknown:  Function mcrypt_generic_deinit() is deprecated in /var/www/html/OMS/system/library/mcrypt.php on line 49
2018-10-22 7:05:16 - PHP Unknown:  Function mcrypt_module_close() is deprecated in /var/www/html/OMS/system/library/mcrypt.php on line 50
2018-10-22 7:05:16 - PHP Notice:  Undefined index: store_id in /var/www/html/OMS/admin/model/setting/store.php on line 83
2018-10-22 7:05:16 - PHP Unknown:  Function mcrypt_module_open() is deprecated in /var/www/html/OMS/system/library/mcrypt.php on line 44
2018-10-22 7:05:16 - PHP Unknown:  Function mcrypt_generic_init() is deprecated in /var/www/html/OMS/system/library/mcrypt.php on line 46
2018-10-22 7:05:16 - PHP Unknown:  Function mdecrypt_generic() is deprecated in /var/www/html/OMS/system/library/mcrypt.php on line 47
2018-10-22 7:05:16 - PHP Warning:  mdecrypt_generic(): An empty string was passed in /var/www/html/OMS/system/library/mcrypt.php on line 47
2018-10-22 7:05:16 - PHP Unknown:  Function mcrypt_generic_deinit() is deprecated in /var/www/html/OMS/system/library/mcrypt.php on line 49
2018-10-22 7:05:16 - PHP Unknown:  Function mcrypt_module_close() is deprecated in /var/www/html/OMS/system/library/mcrypt.php on line 50
2018-10-22 7:05:16 - PHP Notice:  Undefined index: user_id in /var/www/html/OMS/admin/model/setting/store.php on line 83
2018-10-22 7:05:16 - PHP Unknown:  Function mcrypt_module_open() is deprecated in /var/www/html/OMS/system/library/mcrypt.php on line 44
2018-10-22 7:05:16 - PHP Unknown:  Function mcrypt_generic_init() is deprecated in /var/www/html/OMS/system/library/mcrypt.php on line 46
2018-10-22 7:05:16 - PHP Unknown:  Function mdecrypt_generic() is deprecated in /var/www/html/OMS/system/library/mcrypt.php on line 47
2018-10-22 7:05:16 - PHP Warning:  mdecrypt_generic(): An empty string was passed in /var/www/html/OMS/system/library/mcrypt.php on line 47
2018-10-22 7:05:16 - PHP Unknown:  Function mcrypt_generic_deinit() is deprecated in /var/www/html/OMS/system/library/mcrypt.php on line 49
2018-10-22 7:05:16 - PHP Unknown:  Function mcrypt_module_close() is deprecated in /var/www/html/OMS/system/library/mcrypt.php on line 50
2018-10-22 7:05:16 - PHP Notice:  Undefined index: api_group_id in /var/www/html/OMS/admin/model/setting/store.php on line 83
2018-10-22 7:05:16 - PHP Unknown:  Function mcrypt_module_open() is deprecated in /var/www/html/OMS/system/library/mcrypt.php on line 44
2018-10-22 7:05:16 - PHP Unknown:  Function mcrypt_generic_init() is deprecated in /var/www/html/OMS/system/library/mcrypt.php on line 46
2018-10-22 7:05:16 - PHP Unknown:  Function mdecrypt_generic() is deprecated in /var/www/html/OMS/system/library/mcrypt.php on line 47
2018-10-22 7:05:16 - PHP Warning:  mdecrypt_generic(): An empty string was passed in /var/www/html/OMS/system/library/mcrypt.php on line 47
2018-10-22 7:05:16 - PHP Unknown:  Function mcrypt_generic_deinit() is deprecated in /var/www/html/OMS/system/library/mcrypt.php on line 49
2018-10-22 7:05:16 - PHP Unknown:  Function mcrypt_module_close() is deprecated in /var/www/html/OMS/system/library/mcrypt.php on line 50
2018-10-22 7:05:16 - PHP Notice:  Undefined variable: sql in /var/www/html/OMS/admin/model/setting/store.php on line 120
2018-10-22 7:05:16 - PHP Notice:  Undefined variable: store_data in /var/www/html/OMS/admin/model/setting/store.php on line 122
2018-10-22 7:05:16 - PHP Notice:  Use of undefined constant HTTP_CATALOG - assumed 'HTTP_CATALOG' in /var/www/html/OMS/admin/model/setting/store.php on line 127
2018-10-22 7:05:16 - PHP Notice:  Undefined variable: sql in /var/www/html/OMS/admin/model/setting/store.php on line 136
2018-10-22 7:05:16 - PHP Notice:  Undefined variable: new_image in /var/www/html/OMS/admin/model/tool/image.php on line 8
2018-10-22 7:05:16 - PHP Notice:  Undefined variable: new_image in /var/www/html/OMS/admin/model/tool/image.php on line 8
2018-10-22 7:05:16 - PHP Notice:  Undefined variable: new_image in /var/www/html/OMS/admin/model/tool/image.php on line 8
2018-10-22 7:05:16 - PHP Notice:  Undefined variable: new_image in /var/www/html/OMS/admin/model/tool/image.php on line 8
2018-10-22 7:05:16 - PHP Notice:  Undefined variable: new_image in /var/www/html/OMS/admin/model/tool/image.php on line 8
2018-10-22 7:05:16 - PHP Notice:  Undefined variable: new_image in /var/www/html/OMS/admin/model/tool/image.php on line 8
2018-10-22 7:05:16 - PHP Notice:  Undefined variable: new_image in /var/www/html/OMS/admin/model/tool/image.php on line 8
2018-10-22 7:05:16 - PHP Notice:  Undefined variable: new_image in /var/www/html/OMS/admin/model/tool/image.php on line 8
2018-10-22 7:05:16 - PHP Notice:  Undefined variable: new_image in /var/www/html/OMS/admin/model/tool/image.php on line 8
2018-10-22 7:05:16 - PHP Notice:  Undefined variable: new_image in /var/www/html/OMS/admin/model/tool/image.php on line 8
2018-10-22 7:05:16 - PHP Notice:  Undefined variable: new_image in /var/www/html/OMS/admin/model/tool/image.php on line 8
2018-10-22 7:05:16 - PHP Notice:  Undefined variable: new_image in /var/www/html/OMS/admin/model/tool/image.php on line 8
2018-10-22 7:05:16 - PHP Notice:  Undefined variable: new_image in /var/www/html/OMS/admin/model/tool/image.php on line 8
2018-10-22 7:05:16 - PHP Notice:  Undefined variable: new_image in /var/www/html/OMS/admin/model/tool/image.php on line 8
2018-10-22 7:05:16 - PHP Notice:  Undefined variable: new_image in /var/www/html/OMS/admin/model/tool/image.php on line 8
2018-10-22 7:05:16 - PHP Notice:  Undefined variable: new_image in /var/www/html/OMS/admin/model/tool/image.php on line 8
2018-10-22 7:05:16 - PHP Notice:  Undefined variable: new_image in /var/www/html/OMS/admin/model/tool/image.php on line 8
2018-10-22 7:05:16 - PHP Notice:  Undefined variable: new_image in /var/www/html/OMS/admin/model/tool/image.php on line 8
2018-10-22 7:05:16 - PHP Notice:  Undefined variable: new_image in /var/www/html/OMS/admin/model/tool/image.php on line 8
2018-10-22 7:05:16 - PHP Notice:  Undefined variable: new_image in /var/www/html/OMS/admin/model/tool/image.php on line 8
2018-10-22 7:05:16 - PHP Notice:  Use of undefined constant HTTP_CATALOG - assumed 'HTTP_CATALOG' in /var/www/html/OMS/admin/controller/common/header.php on line 134
2018-10-22 7:05:16 - PHP Notice:  Undefined variable: results in /var/www/html/OMS/admin/controller/common/header.php on line 141
2018-10-22 7:05:16 - PHP Warning:  Invalid argument supplied for foreach() in /var/www/html/OMS/admin/controller/common/header.php on line 141
2018-10-22 7:05:16 - PHP Notice:  Undefined variable: new_image in /var/www/html/OMS/admin/model/tool/image.php on line 8
2018-10-22 7:43:29 - PHP Notice:  Undefined variable: new_image in /var/www/html/OMS/admin/model/tool/image.php on line 8
2018-10-22 7:43:29 - PHP Notice:  Undefined variable: new_image in /var/www/html/OMS/admin/model/tool/image.php on line 8
2018-10-22 7:43:29 - PHP Notice:  Undefined index: store_id in /var/www/html/OMS/admin/model/setting/store.php on line 77
2018-10-22 7:43:29 - PHP Unknown:  Function mcrypt_module_open() is deprecated in /var/www/html/OMS/system/library/mcrypt.php on line 44
2018-10-22 7:43:29 - PHP Unknown:  Function mcrypt_generic_init() is deprecated in /var/www/html/OMS/system/library/mcrypt.php on line 46
2018-10-22 7:43:29 - PHP Unknown:  Function mdecrypt_generic() is deprecated in /var/www/html/OMS/system/library/mcrypt.php on line 47
2018-10-22 7:43:29 - PHP Warning:  mdecrypt_generic(): An empty string was passed in /var/www/html/OMS/system/library/mcrypt.php on line 47
2018-10-22 7:43:29 - PHP Unknown:  Function mcrypt_generic_deinit() is deprecated in /var/www/html/OMS/system/library/mcrypt.php on line 49
2018-10-22 7:43:29 - PHP Unknown:  Function mcrypt_module_close() is deprecated in /var/www/html/OMS/system/library/mcrypt.php on line 50
2018-10-22 7:43:29 - PHP Notice:  Undefined index: user_id in /var/www/html/OMS/admin/model/setting/store.php on line 78
2018-10-22 7:43:29 - PHP Unknown:  Function mcrypt_module_open() is deprecated in /var/www/html/OMS/system/library/mcrypt.php on line 44
2018-10-22 7:43:29 - PHP Unknown:  Function mcrypt_generic_init() is deprecated in /var/www/html/OMS/system/library/mcrypt.php on line 46
2018-10-22 7:43:29 - PHP Unknown:  Function mdecrypt_generic() is deprecated in /var/www/html/OMS/system/library/mcrypt.php on line 47
2018-10-22 7:43:29 - PHP Warning:  mdecrypt_generic(): An empty string was passed in /var/www/html/OMS/system/library/mcrypt.php on line 47
2018-10-22 7:43:29 - PHP Unknown:  Function mcrypt_generic_deinit() is deprecated in /var/www/html/OMS/system/library/mcrypt.php on line 49
2018-10-22 7:43:29 - PHP Unknown:  Function mcrypt_module_close() is deprecated in /var/www/html/OMS/system/library/mcrypt.php on line 50
2018-10-22 7:43:29 - PHP Notice:  Undefined index: api_group_id in /var/www/html/OMS/admin/model/setting/store.php on line 79
2018-10-22 7:43:29 - PHP Unknown:  Function mcrypt_module_open() is deprecated in /var/www/html/OMS/system/library/mcrypt.php on line 44
2018-10-22 7:43:29 - PHP Unknown:  Function mcrypt_generic_init() is deprecated in /var/www/html/OMS/system/library/mcrypt.php on line 46
2018-10-22 7:43:29 - PHP Unknown:  Function mdecrypt_generic() is deprecated in /var/www/html/OMS/system/library/mcrypt.php on line 47
2018-10-22 7:43:29 - PHP Warning:  mdecrypt_generic(): An empty string was passed in /var/www/html/OMS/system/library/mcrypt.php on line 47
2018-10-22 7:43:29 - PHP Unknown:  Function mcrypt_generic_deinit() is deprecated in /var/www/html/OMS/system/library/mcrypt.php on line 49
2018-10-22 7:43:29 - PHP Unknown:  Function mcrypt_module_close() is deprecated in /var/www/html/OMS/system/library/mcrypt.php on line 50
2018-10-22 7:43:29 - PHP Notice:  Undefined index: store_id in /var/www/html/OMS/admin/model/setting/store.php on line 83
2018-10-22 7:43:29 - PHP Unknown:  Function mcrypt_module_open() is deprecated in /var/www/html/OMS/system/library/mcrypt.php on line 44
2018-10-22 7:43:29 - PHP Unknown:  Function mcrypt_generic_init() is deprecated in /var/www/html/OMS/system/library/mcrypt.php on line 46
2018-10-22 7:43:29 - PHP Unknown:  Function mdecrypt_generic() is deprecated in /var/www/html/OMS/system/library/mcrypt.php on line 47
2018-10-22 7:43:29 - PHP Warning:  mdecrypt_generic(): An empty string was passed in /var/www/html/OMS/system/library/mcrypt.php on line 47
2018-10-22 7:43:29 - PHP Unknown:  Function mcrypt_generic_deinit() is deprecated in /var/www/html/OMS/system/library/mcrypt.php on line 49
2018-10-22 7:43:29 - PHP Unknown:  Function mcrypt_module_close() is deprecated in /var/www/html/OMS/system/library/mcrypt.php on line 50
2018-10-22 7:43:29 - PHP Notice:  Undefined index: user_id in /var/www/html/OMS/admin/model/setting/store.php on line 83
2018-10-22 7:43:29 - PHP Unknown:  Function mcrypt_module_open() is deprecated in /var/www/html/OMS/system/library/mcrypt.php on line 44
2018-10-22 7:43:29 - PHP Unknown:  Function mcrypt_generic_init() is deprecated in /var/www/html/OMS/system/library/mcrypt.php on line 46
2018-10-22 7:43:29 - PHP Unknown:  Function mdecrypt_generic() is deprecated in /var/www/html/OMS/system/library/mcrypt.php on line 47
2018-10-22 7:43:29 - PHP Warning:  mdecrypt_generic(): An empty string was passed in /var/www/html/OMS/system/library/mcrypt.php on line 47
2018-10-22 7:43:29 - PHP Unknown:  Function mcrypt_generic_deinit() is deprecated in /var/www/html/OMS/system/library/mcrypt.php on line 49
2018-10-22 7:43:29 - PHP Unknown:  Function mcrypt_module_close() is deprecated in /var/www/html/OMS/system/library/mcrypt.php on line 50
2018-10-22 7:43:29 - PHP Notice:  Undefined index: api_group_id in /var/www/html/OMS/admin/model/setting/store.php on line 83
2018-10-22 7:43:29 - PHP Unknown:  Function mcrypt_module_open() is deprecated in /var/www/html/OMS/system/library/mcrypt.php on line 44
2018-10-22 7:43:29 - PHP Unknown:  Function mcrypt_generic_init() is deprecated in /var/www/html/OMS/system/library/mcrypt.php on line 46
2018-10-22 7:43:29 - PHP Unknown:  Function mdecrypt_generic() is deprecated in /var/www/html/OMS/system/library/mcrypt.php on line 47
2018-10-22 7:43:29 - PHP Warning:  mdecrypt_generic(): An empty string was passed in /var/www/html/OMS/system/library/mcrypt.php on line 47
2018-10-22 7:43:29 - PHP Unknown:  Function mcrypt_generic_deinit() is deprecated in /var/www/html/OMS/system/library/mcrypt.php on line 49
2018-10-22 7:43:29 - PHP Unknown:  Function mcrypt_module_close() is deprecated in /var/www/html/OMS/system/library/mcrypt.php on line 50
2018-10-22 7:43:29 - PHP Notice:  Undefined variable: sql in /var/www/html/OMS/admin/model/setting/store.php on line 120
2018-10-22 7:43:29 - PHP Notice:  Undefined variable: store_data in /var/www/html/OMS/admin/model/setting/store.php on line 122
2018-10-22 7:43:29 - PHP Notice:  Use of undefined constant HTTP_CATALOG - assumed 'HTTP_CATALOG' in /var/www/html/OMS/admin/model/setting/store.php on line 127
2018-10-22 7:43:29 - PHP Notice:  Undefined variable: sql in /var/www/html/OMS/admin/model/setting/store.php on line 136
2018-10-22 7:43:29 - PHP Notice:  Use of undefined constant HTTP_CATALOG - assumed 'HTTP_CATALOG' in /var/www/html/OMS/admin/controller/common/header.php on line 134
2018-10-22 7:43:29 - PHP Notice:  Undefined variable: results in /var/www/html/OMS/admin/controller/common/header.php on line 141
2018-10-22 7:43:29 - PHP Warning:  Invalid argument supplied for foreach() in /var/www/html/OMS/admin/controller/common/header.php on line 141
2018-10-22 7:43:29 - PHP Notice:  Undefined variable: new_image in /var/www/html/OMS/admin/model/tool/image.php on line 8
